<?xml version="1.0" encoding="UTF-8"?>
<testng-results ignored="0" total="1" passed="1" failed="0" skipped="0">
  <reporter-output>
  </reporter-output>
  <suite started-at="2018-07-22T05:43:32Z" name="Default suite" finished-at="2018-07-22T05:43:42Z" duration-ms="9263">
    <groups>
    </groups>
    <test started-at="2018-07-22T05:43:32Z" name="Default test" finished-at="2018-07-22T05:43:42Z" duration-ms="9263">
      <class name="dayone.day1">
        <test-method signature="Screenshot()[pri:0, instance:dayone.day1@186f8716]" started-at="2018-07-22T11:13:32Z" name="Screenshot" finished-at="2018-07-22T11:13:42Z" duration-ms="9243" status="PASS">
          <reporter-output>
          </reporter-output>
        </test-method> <!-- Screenshot -->
      </class> <!-- dayone.day1 -->
    </test> <!-- Default test -->
  </suite> <!-- Default suite -->
</testng-results>
